<?xml version="1.0" encoding="UTF-8"?>
<!-- Generated by org.testng.reporters.JUnitReportReporter -->
<testsuite hostname="ASUS-TUF-Gaming-A17" failures="0" tests="1" name="p1.Demo1" time="0.009" errors="0" timestamp="25 Mar 2023 12:52:20 GMT" skipped="0">
  <testcase classname="p1.Demo1" name="testA" time="0.009"/>
</testsuite> <!-- p1.Demo1 -->
