<?xml version="1.0" encoding="UTF-8"?>
<!-- Generated by org.testng.reporters.JUnitReportReporter -->
<testsuite hostname="ASUS-TUF-Gaming-A17" failures="0" tests="1" name="scripts.TestInvalidLogin" time="9.382" errors="0" timestamp="26 Mar 2023 14:51:22 GMT" skipped="0">
  <testcase classname="scripts.TestInvalidLogin" name="testInvalidLogin" time="9.382"/>
</testsuite> <!-- scripts.TestInvalidLogin -->
