<?xml version="1.0" encoding="UTF-8"?>
<!-- Generated by org.testng.reporters.JUnitReportReporter -->
<testsuite hostname="ASUS-TUF-Gaming-A17" failures="0" tests="1" name="scripts.TestInvalidLogin" time="14.042" errors="0" timestamp="10 Apr 2023 12:13:34 GMT" skipped="0">
  <testcase classname="scripts.TestInvalidLogin" name="testInvalidLogin" time="14.042"/>
</testsuite> <!-- scripts.TestInvalidLogin -->
