<?xml version="1.0" encoding="UTF-8"?>
<!-- Generated by org.testng.reporters.JUnitReportReporter -->
<testsuite hostname="ASUS-TUF-Gaming-A17" failures="0" tests="1" name="scripts.TestValidLogin" time="10.667" errors="0" timestamp="26 Mar 2023 14:51:22 GMT" skipped="0">
  <testcase classname="scripts.TestValidLogin" name="testValidLogin" time="10.667"/>
</testsuite> <!-- scripts.TestValidLogin -->
